Arguments: 
  /Users/uknow/.nvm/versions/node/v18.19.0/bin/node /usr/local/Cellar/yarn/1.22.19/libexec/bin/yarn.js

PATH: 
  /Users/uknow/.krew/bin:/Users/uknow/.nvm/versions/node/v18.19.0/bin:/opt/local/bin:/opt/local/sbin:/usr/local/bin:/usr/bin:/bin:/usr/sbin:/sbin:/Library/Apple/usr/bin:/Users/uknow/.fig/bin:/Users/uknow/.local/bin

Yarn version: 
  1.22.19

Node version: 
  18.19.0

Platform: 
  darwin x64

Trace: 
  SyntaxError: /Users/uknow/vscode_workspaces/electron-helloworld-ts/main/package.json: Unexpected end of JSON input
      at JSON.parse (<anonymous>)
      at /usr/local/Cellar/yarn/1.22.19/libexec/lib/cli.js:1629:59
      at Generator.next (<anonymous>)
      at step (/usr/local/Cellar/yarn/1.22.19/libexec/lib/cli.js:310:30)
      at /usr/local/Cellar/yarn/1.22.19/libexec/lib/cli.js:321:13

npm manifest: 
  

yarn manifest: 
  No manifest

Lockfile: 
  No lockfile
